2024-10-26 22:23:59,135 - Run with EGCF on yelp2018
2024-10-26 22:23:59,135 - dataset:yelp2018	num_users:31668, num_items:38048 	|num_train:1237259, num_test:324147, sparsity: 0.998704
2024-10-26 22:23:59,576 - dataset_path : ./dataset/
2024-10-26 22:23:59,576 - dataset : yelp2018
2024-10-26 22:23:59,576 - top_K : [20, 40]
2024-10-26 22:23:59,576 - training_epochs : 30
2024-10-26 22:23:59,576 - early_stopping : 20
2024-10-26 22:23:59,576 - interval : 1
2024-10-26 22:23:59,576 - embedding_size : 64
2024-10-26 22:23:59,576 - batch_size : 2048
2024-10-26 22:23:59,576 - test_batch_size : 2048
2024-10-26 22:23:59,576 - learn_rate : 0.001
2024-10-26 22:23:59,576 - reg_lambda : 0.0001
2024-10-26 22:23:59,576 - GCN_layer : 3
2024-10-26 22:23:59,576 - ssl_lambda : 0.1
2024-10-26 22:23:59,576 - temperature : 0.1
2024-10-26 22:23:59,576 - mode : parallel
2024-10-26 22:23:59,576 - sparsity_test : 0
2024-10-26 22:24:17,559 - Epoch:    1 | Training time: 17.506 | training loss: 1.267995 = 0.692786 + 1e-06 + 0.575208
2024-10-26 22:24:21,438 - Epoch:    1 | Test recall: [0.06127761 0.09912432] | Test NDCG: [0.05191033 0.06616912]
